page: /600db113577ee
date: 2021-01-24 18:40:35
timestamp: 1611510035
microtime: 1 => 1611510035.3584
id: 600db11357816

page: /600db113590ce
date: 2021-01-24 18:40:35
timestamp: 1611510035
microtime: 2 => 0.36476800 1611510035
id: 600db113590f1

page: /600db1135a900
date: 2021-01-24 18:40:35
timestamp: 1611510035
microtime: 3 => 1611510035.371
id: 600db1135a914

page: /600db1135c062
date: 2021-01-24 18:40:35
timestamp: 1611510035
microtime: 4 => 0.37694600 1611510035
id: 600db1135c079

page: /600db1135dab5
date: 2021-01-24 18:40:35
timestamp: 1611510035
microtime: 5 => 1611510035.3837
id: 600db1135daca

page: /600db1135f176
date: 2021-01-24 18:40:35
timestamp: 1611510035
microtime: 6 => 0.38951000 1611510035
id: 600db1135f18c

page: /600db11360b9e
date: 2021-01-24 18:40:35
timestamp: 1611510035
microtime: 7 => 1611510035.3962
id: 600db11360bb2

page: /600db11362759
date: 2021-01-24 18:40:35
timestamp: 1611510035
microtime: 8 => 0.40330400 1611510035
id: 600db1136276f

page: /600db11363e86
date: 2021-01-24 18:40:35
timestamp: 1611510035
microtime: 9 => 1611510035.4092
id: 600db11363e9a

page: /600db11365875
date: 2021-01-24 18:40:35
timestamp: 1611510035
microtime: 10 => 0.41587700 1611510035
id: 600db1136588c

page: /600db11367005
date: 2021-01-24 18:40:35
timestamp: 1611510035
microtime: 11 => 1611510035.4219
id: 600db11367019

page: /600db113689e0
date: 2021-01-24 18:40:35
timestamp: 1611510035
microtime: 12 => 0.42853600 1611510035
id: 600db113689ff

page: /600db1136a3aa
date: 2021-01-24 18:40:35
timestamp: 1611510035
microtime: 13 => 1611510035.4351
id: 600db1136a3bd

page: /600db1136be6e
date: 2021-01-24 18:40:35
timestamp: 1611510035
microtime: 14 => 0.44198100 1611510035
id: 600db1136be84

page: /600db1136e74b
date: 2021-01-24 18:40:35
timestamp: 1611510035
microtime: 15 => 1611510035.4524
id: 600db1136e75e

page: /600db1136ff0a
date: 2021-01-24 18:40:35
timestamp: 1611510035
microtime: 16 => 0.45852000 1611510035
id: 600db1136ff1e

page: /600db11371c56
date: 2021-01-24 18:40:35
timestamp: 1611510035
microtime: 17 => 1611510035.466
id: 600db11371c6c

page: /600db113733d7
date: 2021-01-24 18:40:35
timestamp: 1611510035
microtime: 18 => 0.47203900 1611510035
id: 600db113733f6

page: /600db11374b1e
date: 2021-01-24 18:40:35
timestamp: 1611510035
microtime: 19 => 1611510035.478
id: 600db11374b32

page: /600db1137652d
date: 2021-01-24 18:40:35
timestamp: 1611510035
microtime: 20 => 0.48466700 1611510035
id: 600db11376542

page: /600db11377e7f
date: 2021-01-24 18:40:35
timestamp: 1611510035
microtime: 21 => 1611510035.4912
id: 600db11377e9c

page: /600db113799ba
date: 2021-01-24 18:40:35
timestamp: 1611510035
microtime: 22 => 0.49812000 1611510035
id: 600db113799d0

page: /600db1137b2c7
date: 2021-01-24 18:40:35
timestamp: 1611510035
microtime: 23 => 1611510035.5045
id: 600db1137b2da

page: /600db1137caf4
date: 2021-01-24 18:40:35
timestamp: 1611510035
microtime: 24 => 0.51072300 1611510035
id: 600db1137cb0a

page: /600db1137e5d6
date: 2021-01-24 18:40:35
timestamp: 1611510035
microtime: 25 => 1611510035.5176
id: 600db1137e5eb

